<?xml version="1.0" encoding="UTF-8"?>
<!-- Generated by org.testng.reporters.JUnitXMLReporter -->
<testsuite hostname="DESKTOP-3ULC79B" ignored="0" name="Default test" tests="3" failures="0" timestamp="2022-12-06T23:14:21 EST" time="3.004" errors="0">
  <testcase name="test_post_1" time="1.891" classname="RestfulApiTestingPractise.PostRequestUsingExcelData"/>
  <testcase name="test_post_1" time="0.376" classname="RestfulApiTestingPractise.PostRequestUsingExcelData"/>
  <testcase name="test_post_1" time="0.311" classname="RestfulApiTestingPractise.PostRequestUsingExcelData"/>
</testsuite> <!-- Default test -->
