<?xml version="1.0" encoding="UTF-8"?>
<!-- Generated by org.testng.reporters.JUnitXMLReporter -->
<testsuite hostname="DESKTOP-3ULC79B" ignored="0" name="Default test" tests="3" failures="0" timestamp="2022-12-07T22:15:52 EST" time="3.487" errors="0">
  <testcase name="test_post_1" time="1.99" classname="RestfulApiTestingPractise.PostRequestUsingExcelData"/>
  <testcase name="test_post_1" time="0.465" classname="RestfulApiTestingPractise.PostRequestUsingExcelData"/>
  <testcase name="test_post_1" time="0.504" classname="RestfulApiTestingPractise.PostRequestUsingExcelData"/>
</testsuite> <!-- Default test -->
