<?xml version="1.0" encoding="UTF-8"?>
<!-- Generated by org.testng.reporters.JUnitXMLReporter -->
<testsuite hostname="DESKTOP-3ULC79B" ignored="0" name="Test" tests="4" failures="1" timestamp="2022-12-07T22:00:05 EST" time="3.071" errors="0">
  <testcase name="getSpecificUser" time="1.498" classname="RestfulApiTestingPractise.GetRequest"/>
  <testcase name="getAllUsers" time="0.84" classname="RestfulApiTestingPractise.GetRequest"/>
  <testcase name="getAllUsers" time="0.216" classname="RestfulApiTestingPractise.JSONSchemaValidator">
    <failure type="java.lang.IllegalArgumentException" message="Schema to use cannot be null">
      <![CDATA[java.lang.IllegalArgumentException: Schema to use cannot be null
at io.restassured.module.jsv.JsonSchemaValidator.validateSchemaIsNotNull(JsonSchemaValidator.java:270)
at io.restassured.module.jsv.JsonSchemaValidator.access$300(JsonSchemaValidator.java:75)
at io.restassured.module.jsv.JsonSchemaValidator$JsonSchemaValidatorFactory.create(JsonSchemaValidator.java:281)
at io.restassured.module.jsv.JsonSchemaValidator.matchesJsonSchema(JsonSchemaValidator.java:166)
at io.restassured.module.jsv.JsonSchemaValidator.matchesJsonSchemaInClasspath(JsonSchemaValidator.java:117)
at RestfulApiTestingPractise.JSONSchemaValidator.getAllUsers(JSONSchemaValidator.java:13)
at java.util.ArrayList.forEach(Unknown Source)
... Removed 27 stack frames]]>
    </failure>
  </testcase> <!-- getAllUsers -->
  <testcase name="test_post_1" time="0.485" classname="RestfulApiTestingPractise.PostRequest"/>
</testsuite> <!-- Test -->
